::1 - - [12/Nov/2025:16:12:58 +0200] "GET / HTTP/1.1" 200 228
::1 - - [12/Nov/2025:16:12:58 +0200] "GET /favicon.ico HTTP/1.1" 404 296
::1 - - [12/Nov/2025:16:42:52 +0200] "GET / HTTP/1.1" 500 632
::1 - - [12/Nov/2025:16:46:48 +0200] "GET / HTTP/1.1" 200 16
::1 - - [12/Nov/2025:16:52:10 +0200] "GET / HTTP/1.1" 200 256
::1 - - [12/Nov/2025:17:05:49 +0200] "GET / HTTP/1.1" 200 268
::1 - - [12/Nov/2025:17:10:49 +0200] "-" 408 -
::1 - - [12/Nov/2025:17:19:54 +0200] "GET / HTTP/1.1" 200 3200
::1 - - [12/Nov/2025:17:27:13 +0200] "GET / HTTP/1.1" 200 3200
::1 - - [12/Nov/2025:17:34:06 +0200] "GET / HTTP/1.1" 200 3243
::1 - - [12/Nov/2025:17:34:06 +0200] "GET /python.png HTTP/1.1" 200 185433
::1 - - [12/Nov/2025:17:39:06 +0200] "-" 408 -
::1 - - [12/Nov/2025:17:39:38 +0200] "GET / HTTP/1.1" 200 3243
::1 - - [12/Nov/2025:17:39:43 +0200] "GET / HTTP/1.1" 200 3243
::1 - - [12/Nov/2025:17:39:46 +0200] "GET / HTTP/1.1" 200 3243
::1 - - [12/Nov/2025:17:39:53 +0200] "GET / HTTP/1.1" 200 3243
::1 - - [13/Nov/2025:13:59:39 +0200] "-" 408 -
::1 - - [13/Nov/2025:14:11:05 +0200] "-" 408 -
::1 - - [18/Nov/2025:12:12:16 +0200] "GET /Python.png HTTP/1.1" 200 185433
::1 - - [18/Nov/2025:12:12:17 +0200] "GET /favicon.ico HTTP/1.1" 404 296
::1 - - [18/Nov/2025:12:34:29 +0200] "GET /Python.png HTTP/1.1" 200 3778
::1 - - [18/Nov/2025:12:34:29 +0200] "GET /python.png HTTP/1.1" 200 3563
::1 - - [18/Nov/2025:12:35:14 +0200] "GET /Python.png?x=10&y=20 HTTP/1.1" 200 3655
::1 - - [18/Nov/2025:12:35:14 +0200] "GET /python.png HTTP/1.1" 200 3573
::1 - - [18/Nov/2025:12:42:09 +0200] "GET /Python.png?x=10&y=20 HTTP/1.1" 200 449
::1 - - [18/Nov/2025:12:42:10 +0200] "GET /python.png HTTP/1.1" 200 429
::1 - - [18/Nov/2025:12:50:43 +0200] "GET /Python.png?x=10&y=20 HTTP/1.1" 200 521
::1 - - [18/Nov/2025:12:50:44 +0200] "GET /python.png HTTP/1.1" 200 471
::1 - - [18/Nov/2025:12:51:04 +0200] "GET /Python.png?x=10&y=20&json HTTP/1.1" 500 632
::1 - - [18/Nov/2025:12:53:36 +0200] "GET /Python.png?x=10&y=20&json HTTP/1.1" 200 551
::1 - - [18/Nov/2025:12:53:36 +0200] "GET /python.png HTTP/1.1" 200 471
::1 - - [18/Nov/2025:12:55:24 +0200] "GET /Python.png?x=10&y==20&json HTTP/1.1" 500 632
::1 - - [18/Nov/2025:12:56:34 +0200] "GET /Python.png?x=10&y==20&json HTTP/1.1" 200 554
::1 - - [18/Nov/2025:12:56:34 +0200] "GET /python.png HTTP/1.1" 200 471
::1 - - [18/Nov/2025:12:56:47 +0200] "GET /Python.png?x=10&y=10=20&json HTTP/1.1" 200 560
::1 - - [18/Nov/2025:12:56:48 +0200] "GET /python.png HTTP/1.1" 200 471
::1 - - [18/Nov/2025:12:56:58 +0200] "GET /Python.png?x=10&y=10==20&json HTTP/1.1" 200 563
::1 - - [18/Nov/2025:12:56:59 +0200] "GET /python.png HTTP/1.1" 200 471
::1 - - [18/Nov/2025:12:57:47 +0200] "GET /Python.png HTTP/1.1" 200 442
::1 - - [18/Nov/2025:12:57:47 +0200] "GET /python.png HTTP/1.1" 200 442
::1 - - [18/Nov/2025:12:58:17 +0200] "GET /Python.png?x=10&y=10==20&json HTTP/1.1" 200 563
::1 - - [18/Nov/2025:12:58:17 +0200] "GET /python.png HTTP/1.1" 200 471
::1 - - [18/Nov/2025:13:01:37 +0200] "GET /Python.png?x=10&y=10==20&json HTTP/1.1" 200 563
::1 - - [18/Nov/2025:13:01:37 +0200] "GET /python.png HTTP/1.1" 200 471
::1 - - [18/Nov/2025:13:01:52 +0200] "GET /Python.png?x=10&y=10==20&json HTTP/1.1" 403 -
::1 - - [18/Nov/2025:13:02:12 +0200] "GET /Python.png?x=10&y=10==20&json HTTP/1.1" 200 563
::1 - - [18/Nov/2025:13:02:13 +0200] "GET /python.png HTTP/1.1" 200 471
::1 - - [18/Nov/2025:13:06:48 +0200] "GET /Python.png?x=10&y=10==20&json HTTP/1.1" 200 1135
::1 - - [18/Nov/2025:13:06:48 +0200] "GET /python.png HTTP/1.1" 200 961
::1 - - [18/Nov/2025:13:07:52 +0200] "GET /Python.png?x=10&y=10==20&json HTTP/1.1" 200 1095
::1 - - [18/Nov/2025:13:07:52 +0200] "GET /python.png HTTP/1.1" 200 926
::1 - - [18/Nov/2025:13:10:09 +0200] "GET /Python.png?x=10&y=10==20&json HTTP/1.1" 200 1095
::1 - - [18/Nov/2025:13:10:09 +0200] "GET /python.png HTTP/1.1" 200 926
::1 - - [18/Nov/2025:13:18:08 +0200] "GET /Python.png?x=10&y=10==20&json HTTP/1.1" 200 1111
::1 - - [18/Nov/2025:13:18:09 +0200] "GET /python.png HTTP/1.1" 200 942
::1 - - [18/Nov/2025:13:18:19 +0200] "GET /Python.png HTTP/1.1" 200 985
::1 - - [18/Nov/2025:13:18:19 +0200] "GET /python.png HTTP/1.1" 200 923
::1 - - [18/Nov/2025:13:18:26 +0200] "GET / HTTP/1.1" 200 965
::1 - - [18/Nov/2025:13:18:26 +0200] "GET /python.png HTTP/1.1" 200 913
::1 - - [18/Nov/2025:13:18:33 +0200] "GET / HTTP/1.1" 200 965
::1 - - [18/Nov/2025:13:18:33 +0200] "GET /python.png HTTP/1.1" 200 913
::1 - - [18/Nov/2025:13:20:04 +0200] "GET /Python.png?x=10&y=10==20&json HTTP/1.1" 200 1164
::1 - - [18/Nov/2025:13:20:05 +0200] "GET /python.png HTTP/1.1" 200 995
::1 - - [18/Nov/2025:13:35:27 +0200] "GET /Python.png?x=10&y=10==20&json HTTP/1.1" 200 1164
::1 - - [18/Nov/2025:13:35:27 +0200] "GET /python.png HTTP/1.1" 200 995
::1 - - [18/Nov/2025:13:37:05 +0200] "GET /Python.png?x=10&y=10==20&json HTTP/1.1" 200 1164
::1 - - [18/Nov/2025:13:37:05 +0200] "GET /python.png HTTP/1.1" 200 995
::1 - - [18/Nov/2025:13:37:50 +0200] "GET /Python.png?x=10&y=10==20&json HTTP/1.1" 200 1159
::1 - - [18/Nov/2025:13:37:50 +0200] "GET /python.png HTTP/1.1" 200 990
::1 - - [18/Nov/2025:13:38:42 +0200] "GET /Python.png?x=10&y=10==20&json HTTP/1.1" 200 1159
::1 - - [18/Nov/2025:13:38:42 +0200] "GET /python.png HTTP/1.1" 200 990
::1 - - [18/Nov/2025:13:39:14 +0200] "GET /Python.png?x=10&y=10==20&json HTTP/1.1" 200 1159
::1 - - [18/Nov/2025:13:39:14 +0200] "GET /python.png HTTP/1.1" 200 990
::1 - - [18/Nov/2025:13:42:24 +0200] "GET /Python.png?x=10&y=10==20&json HTTP/1.1" 200 1159
::1 - - [18/Nov/2025:13:42:25 +0200] "GET /python.png HTTP/1.1" 200 990
::1 - - [18/Nov/2025:13:43:11 +0200] "GET /Python.png?x=10&y=10==20&json HTTP/1.1" 200 1213
::1 - - [18/Nov/2025:13:43:11 +0200] "GET /python.png HTTP/1.1" 200 1044
::1 - - [18/Nov/2025:13:44:33 +0200] "GET /Python.png?x=10&y=10==20&json HTTP/1.1" 200 185433
::1 - - [18/Nov/2025:13:46:27 +0200] "GET /Python.png?x=10&y=10==20&json HTTP/1.1" 200 185433
::1 - - [18/Nov/2025:13:46:35 +0200] "GET /Python2.png?x=10&y=10==20&json HTTP/1.1" 200 1234
::1 - - [18/Nov/2025:13:46:35 +0200] "GET /python.png HTTP/1.1" 200 185433
::1 - - [18/Nov/2025:13:51:35 +0200] "-" 408 -
::1 - - [18/Nov/2025:13:56:33 +0200] "GET /Python.png?x=10&y=10==20&json HTTP/1.1" 200 185433
::1 - - [18/Nov/2025:14:00:30 +0200] "GET /Python.png?x=10&y=10==20&json HTTP/1.1" 200 185433
::1 - - [18/Nov/2025:14:05:03 +0200] "GET /Python.png?x=10&y=10==20&json HTTP/1.1" 200 185433
::1 - - [18/Nov/2025:14:05:31 +0200] "GET /Python.png?x=10&y=10==20&json HTTP/1.1" 200 185433
::1 - - [18/Nov/2025:14:18:55 +0200] "GET / HTTP/1.1" 200 990
::1 - - [18/Nov/2025:14:19:08 +0200] "GET /user HTTP/1.1" 200 994
::1 - - [18/Nov/2025:14:19:18 +0200] "GET / HTTP/1.1" 200 990
::1 - - [18/Nov/2025:14:20:12 +0200] "GET /user HTTP/1.1" 200 994
::1 - - [18/Nov/2025:14:22:28 +0200] "GET /user HTTP/1.1" 200 1047
::1 - - [18/Nov/2025:14:22:28 +0200] "GET /python.png HTTP/1.1" 200 185433
::1 - - [18/Nov/2025:14:22:34 +0200] "GET / HTTP/1.1" 200 1050
::1 - - [18/Nov/2025:14:22:42 +0200] "GET /user HTTP/1.1" 200 1013
::1 - - [18/Nov/2025:14:22:47 +0200] "GET /user/ HTTP/1.1" 200 1014
::1 - - [18/Nov/2025:14:23:01 +0200] "GET /user/login HTTP/1.1" 200 1019
::1 - - [18/Nov/2025:14:25:14 +0200] "GET /user/login HTTP/1.1" 200 1071
::1 - - [18/Nov/2025:14:25:14 +0200] "GET /python.png HTTP/1.1" 200 185433
::1 - - [18/Nov/2025:14:25:19 +0200] "GET /user/login/ HTTP/1.1" 200 1038
::1 - - [18/Nov/2025:14:25:32 +0200] "GET /user/login/123 HTTP/1.1" 200 1040
::1 - - [18/Nov/2025:14:25:43 +0200] "GET /user/login/123/456 HTTP/1.1" 200 1048
::1 - - [18/Nov/2025:14:39:43 +0200] "GET /user/login/123/456 HTTP/1.1" 200 1174
::1 - - [18/Nov/2025:14:39:43 +0200] "GET /python.png HTTP/1.1" 200 185433
::1 - - [18/Nov/2025:14:39:59 +0200] "GET /user/login/123/456 HTTP/1.1" 200 1140
::1 - - [18/Nov/2025:14:40:09 +0200] "GET /user/login/123/456 HTTP/1.1" 200 1140
::1 - - [18/Nov/2025:14:40:23 +0200] "GET /user/login/123/456 HTTP/1.1" 200 1140
::1 - - [18/Nov/2025:14:40:34 +0200] "GET /UU/login/123/456 HTTP/1.1" 200 1132
::1 - - [19/Nov/2025:09:05:58 +0200] "-" 408 -
::1 - - [19/Nov/2025:10:40:04 +0200] "-" 408 -
::1 - - [19/Nov/2025:15:04:32 +0200] "GET /user HTTP/1.1" 200 1123
::1 - - [19/Nov/2025:15:16:40 +0200] "GET /user HTTP/1.1" 200 1283
::1 - - [19/Nov/2025:15:16:40 +0200] "GET /img/m13.jpg HTTP/1.1" 200 5673
::1 - - [19/Nov/2025:15:16:40 +0200] "GET /js/site.js HTTP/1.1" 200 -
::1 - - [19/Nov/2025:15:16:40 +0200] "GET /css/site.css HTTP/1.1" 200 43
::1 - - [19/Nov/2025:15:16:40 +0200] "GET /img/Python.png HTTP/1.1" 200 185433
::1 - - [19/Nov/2025:15:18:11 +0200] "GET /user HTTP/1.1" 200 1283
::1 - - [19/Nov/2025:15:18:11 +0200] "GET /css/site.css HTTP/1.1" 200 43
::1 - - [19/Nov/2025:15:18:11 +0200] "GET /img/m13.jpg HTTP/1.1" 200 5673
::1 - - [19/Nov/2025:15:18:11 +0200] "GET /js/site.js HTTP/1.1" 200 31
::1 - - [19/Nov/2025:15:18:11 +0200] "GET /img/Python.png HTTP/1.1" 200 185433
::1 - - [19/Nov/2025:15:20:02 +0200] "GET /notes.txt HTTP/1.1" 200 1269
::1 - - [19/Nov/2025:15:20:02 +0200] "GET /img/m13.jpg HTTP/1.1" 200 5673
::1 - - [19/Nov/2025:15:20:02 +0200] "GET /js/site.js HTTP/1.1" 200 31
::1 - - [19/Nov/2025:15:20:02 +0200] "GET /css/site.css HTTP/1.1" 200 43
::1 - - [19/Nov/2025:15:25:07 +0200] "GET /notes.txt HTTP/1.1" 200 1303
::1 - - [19/Nov/2025:15:25:08 +0200] "GET /js/site.js HTTP/1.1" 200 31
::1 - - [19/Nov/2025:15:25:08 +0200] "GET /img/m13.jpg HTTP/1.1" 200 5673
::1 - - [19/Nov/2025:15:25:08 +0200] "GET /css/site.css HTTP/1.1" 200 43
::1 - - [19/Nov/2025:15:25:08 +0200] "GET /img/Python.png HTTP/1.1" 200 185433
::1 - - [19/Nov/2025:15:27:35 +0200] "GET /notes.txt HTTP/1.1" 500 632
::1 - - [19/Nov/2025:15:27:35 +0200] "GET /favicon.ico HTTP/1.1" 500 632
::1 - - [19/Nov/2025:15:42:47 +0200] "GET / HTTP/1.1" 200 1300
::1 - - [19/Nov/2025:15:42:48 +0200] "GET /js/site.js HTTP/1.1" 200 31
::1 - - [19/Nov/2025:15:42:48 +0200] "GET /img/m13.jpg HTTP/1.1" 200 5673
::1 - - [19/Nov/2025:15:42:48 +0200] "GET /css/site.css HTTP/1.1" 200 43
::1 - - [19/Nov/2025:15:42:48 +0200] "GET /favicon.ico HTTP/1.1" 200 1260
::1 - - [19/Nov/2025:15:44:41 +0200] "GET / HTTP/1.1" 200 1334
::1 - - [19/Nov/2025:15:44:41 +0200] "GET /img/m13.jpg HTTP/1.1" 200 5673
::1 - - [19/Nov/2025:15:44:41 +0200] "GET /js/site.js HTTP/1.1" 200 31
::1 - - [19/Nov/2025:15:44:41 +0200] "GET /css/site.css HTTP/1.1" 200 43
::1 - - [19/Nov/2025:15:44:41 +0200] "GET /favicon.ico HTTP/1.1" 200 1260
::1 - - [19/Nov/2025:15:45:23 +0200] "GET / HTTP/1.1" 500 632
::1 - - [19/Nov/2025:15:45:24 +0200] "GET /favicon.ico HTTP/1.1" 500 632
::1 - - [19/Nov/2025:15:53:36 +0200] "GET / HTTP/1.1" 200 16
::1 - - [19/Nov/2025:15:53:36 +0200] "GET /favicon.ico HTTP/1.1" 200 16
::1 - - [19/Nov/2025:15:56:27 +0200] "GET / HTTP/1.1" 200 1303
::1 - - [19/Nov/2025:15:56:28 +0200] "GET /img/m13.jpg HTTP/1.1" 200 5673
::1 - - [19/Nov/2025:15:56:28 +0200] "GET /css/site.css HTTP/1.1" 200 43
::1 - - [19/Nov/2025:15:56:28 +0200] "GET /js/site.js HTTP/1.1" 200 31
::1 - - [19/Nov/2025:15:56:28 +0200] "GET /img/Python.png HTTP/1.1" 200 185433
